2019-09-05 15:28:33,631: ##此次没有做表的base_csv文件的更新操作##
2019-09-05 15:28:33,632: 请不要忘记检查下base csv文件的光标是否在下一行,再进行dsl自动化测试
2019-09-05 15:28:35,339: *******************测试开始*******************
2019-09-05 15:28:35,367: sheet的名字是 bugs
2019-09-05 15:28:35,367: sheet的名字是 QT_prolongation_ecg
2019-09-05 15:28:35,368: 所用到的visit_id为[100001, 100002, 100003]
2019-09-05 15:28:35,368: 落库变量为cdss.patient_var_record.variable_value_set.QT_prolongation_ecg_cur_unlmt_any
2019-09-05 15:28:35,441: 文件列表是:['checks.ecg_report.csv', 'visit.visit_record.csv']
2019-09-05 15:28:35,704: trigger_id:c7f188fd-f9fe-4afa-bbed-4a6b3989873c
2019-09-05 15:28:35,951: trigger_id:0c7c4aa7-a019-4d0f-8c9e-8eb45b8363f3
2019-09-05 15:28:36,161: trigger_id:d9ab2729-fdef-40a1-b632-b91868ac9cfd
2019-09-05 15:28:39,267: 数据库中的落库变量查询到的值为:true
2019-09-05 15:28:42,347: 数据库中的落库变量查询到的值为:NULL
2019-09-05 15:28:45,442: 数据库中的落库变量查询到的值为:NULL
2019-09-05 15:28:45,443: 数据库中落库变量对应的列表是:['true', 'NULL', 'NULL']
2019-09-05 15:28:45,444: excel中的落库变量依次是:['true', 'NULL', 'NULL']
2019-09-05 15:28:45,444: 正确的个数为:3, 错误的个数为:0
2019-09-05 15:28:45,444: 转换格式过的excel中的期望值为:['true', 'NULL', 'NULL']
2019-09-05 15:28:45,445: sheet为:QT_prolongation_ecg,表为:checks.ecg_report.csv,出错的行:[],出错率:0%
2019-09-05 15:28:50,612: 移出的文件列表为：['checks.ecg_report.csv', 'visit.visit_record.csv']
2019-09-05 15:28:50,614: =============QT_prolongation_ecg结束，下一个落库变量测试开始===============
2019-09-05 15:28:50,615: *********************测试结束*********************
